<?xml version="1.0" encoding="UTF-8"?>
<coverage generated="1704265226176" clover="3.2.0">
  <project timestamp="1704265226176" name="All files">
    <metrics statements="141" coveredstatements="114" conditionals="29" coveredconditionals="18" methods="42" coveredmethods="38" elements="212" coveredelements="170" complexity="0" loc="141" ncloc="141" packages="5" files="13" classes="13"/>
    <package name="src">
      <metrics statements="73" coveredstatements="57" conditionals="16" coveredconditionals="11" methods="24" coveredmethods="20"/>
      <file name="App.tsx" path="/Users/dbanerjee1/Desktop/react/bank-app/banking-application/src/App.tsx">
        <metrics statements="1" coveredstatements="1" conditionals="0" coveredconditionals="0" methods="1" coveredmethods="1"/>
        <line num="12" count="1" type="stmt"/>
      </file>
      <file name="Home.tsx" path="/Users/dbanerjee1/Desktop/react/bank-app/banking-application/src/Home.tsx">
        <metrics statements="21" coveredstatements="16" conditionals="4" coveredconditionals="3" methods="7" coveredmethods="5"/>
        <line num="11" count="2" type="stmt"/>
        <line num="12" count="3" type="stmt"/>
        <line num="13" count="3" type="stmt"/>
        <line num="14" count="3" type="stmt"/>
        <line num="16" count="3" type="stmt"/>
        <line num="17" count="6" type="stmt"/>
        <line num="18" count="3" type="stmt"/>
        <line num="19" count="3" type="stmt"/>
        <line num="20" count="3" type="cond" truecount="2" falsecount="0"/>
        <line num="21" count="1" type="stmt"/>
        <line num="22" count="1" type="stmt"/>
        <line num="28" count="3" type="stmt"/>
        <line num="29" count="3" type="stmt"/>
        <line num="30" count="3" type="cond" truecount="1" falsecount="1"/>
        <line num="31" count="0" type="stmt"/>
        <line num="32" count="0" type="stmt"/>
        <line num="33" count="0" type="stmt"/>
        <line num="34" count="0" type="stmt"/>
        <line num="38" count="3" type="stmt"/>
        <line num="58" count="2" type="stmt"/>
        <line num="77" count="0" type="stmt"/>
      </file>
      <file name="SendMoney.tsx" path="/Users/dbanerjee1/Desktop/react/bank-app/banking-application/src/SendMoney.tsx">
        <metrics statements="22" coveredstatements="22" conditionals="4" coveredconditionals="4" methods="7" coveredmethods="7"/>
        <line num="24" count="2" type="stmt"/>
        <line num="26" count="5" type="stmt"/>
        <line num="27" count="5" type="stmt"/>
        <line num="29" count="5" type="stmt"/>
        <line num="30" count="5" type="stmt"/>
        <line num="31" count="5" type="stmt"/>
        <line num="34" count="5" type="stmt"/>
        <line num="35" count="1" type="stmt"/>
        <line num="36" count="1" type="stmt"/>
        <line num="40" count="5" type="stmt"/>
        <line num="41" count="1" type="stmt"/>
        <line num="42" count="1" type="stmt"/>
        <line num="43" count="1" type="stmt"/>
        <line num="45" count="5" type="stmt"/>
        <line num="47" count="1" type="stmt"/>
        <line num="52" count="1" type="stmt"/>
        <line num="53" count="1" type="stmt"/>
        <line num="60" count="5" type="stmt"/>
        <line num="68" count="30" type="stmt"/>
        <line num="88" count="1" type="stmt"/>
        <line num="89" count="1" type="cond" truecount="2" falsecount="0"/>
        <line num="90" count="1" type="stmt"/>
      </file>
      <file name="debit.tsx" path="/Users/dbanerjee1/Desktop/react/bank-app/banking-application/src/debit.tsx">
        <metrics statements="18" coveredstatements="18" conditionals="4" coveredconditionals="4" methods="7" coveredmethods="7"/>
        <line num="17" count="2" type="stmt"/>
        <line num="18" count="4" type="stmt"/>
        <line num="19" count="4" type="stmt"/>
        <line num="20" count="4" type="stmt"/>
        <line num="22" count="4" type="stmt"/>
        <line num="23" count="1" type="stmt"/>
        <line num="24" count="1" type="stmt"/>
        <line num="28" count="4" type="stmt"/>
        <line num="29" count="1" type="stmt"/>
        <line num="30" count="1" type="stmt"/>
        <line num="31" count="1" type="stmt"/>
        <line num="34" count="4" type="stmt"/>
        <line num="36" count="1" type="stmt"/>
        <line num="40" count="1" type="stmt"/>
        <line num="42" count="4" type="stmt"/>
        <line num="51" count="24" type="stmt"/>
        <line num="68" count="1" type="stmt"/>
        <line num="69" count="1" type="cond" truecount="2" falsecount="0"/>
      </file>
      <file name="index.tsx" path="/Users/dbanerjee1/Desktop/react/bank-app/banking-application/src/index.tsx">
        <metrics statements="3" coveredstatements="0" conditionals="0" coveredconditionals="0" methods="0" coveredmethods="0"/>
        <line num="8" count="0" type="stmt"/>
        <line num="11" count="0" type="stmt"/>
        <line num="20" count="0" type="stmt"/>
      </file>
      <file name="reportWebVitals.ts" path="/Users/dbanerjee1/Desktop/react/bank-app/banking-application/src/reportWebVitals.ts">
        <metrics statements="8" coveredstatements="0" conditionals="4" coveredconditionals="0" methods="2" coveredmethods="0"/>
        <line num="3" count="0" type="stmt"/>
        <line num="4" count="0" type="cond" truecount="0" falsecount="4"/>
        <line num="5" count="0" type="stmt"/>
        <line num="6" count="0" type="stmt"/>
        <line num="7" count="0" type="stmt"/>
        <line num="8" count="0" type="stmt"/>
        <line num="9" count="0" type="stmt"/>
        <line num="10" count="0" type="stmt"/>
      </file>
    </package>
    <package name="src.components">
      <metrics statements="3" coveredstatements="3" conditionals="0" coveredconditionals="0" methods="2" coveredmethods="2"/>
      <file name="Header.tsx" path="/Users/dbanerjee1/Desktop/react/bank-app/banking-application/src/components/Header.tsx">
        <metrics statements="3" coveredstatements="3" conditionals="0" coveredconditionals="0" methods="2" coveredmethods="2"/>
        <line num="13" count="3" type="stmt"/>
        <line num="17" count="8" type="stmt"/>
        <line num="20" count="4" type="stmt"/>
      </file>
    </package>
    <package name="src.redux">
      <metrics statements="26" coveredstatements="17" conditionals="2" coveredconditionals="0" methods="6" coveredmethods="6"/>
      <file name="postSaga.tsx" path="/Users/dbanerjee1/Desktop/react/bank-app/banking-application/src/redux/postSaga.tsx">
        <metrics statements="15" coveredstatements="11" conditionals="2" coveredconditionals="0" methods="3" coveredmethods="3"/>
        <line num="5" count="6" type="stmt"/>
        <line num="6" count="2" type="stmt"/>
        <line num="7" count="2" type="stmt"/>
        <line num="8" count="2" type="stmt"/>
        <line num="19" count="0" type="stmt"/>
        <line num="21" count="2" type="stmt"/>
        <line num="26" count="2" type="stmt"/>
        <line num="28" count="2" type="stmt"/>
        <line num="29" count="0" type="cond" truecount="0" falsecount="2"/>
        <line num="30" count="0" type="stmt"/>
        <line num="33" count="0" type="stmt"/>
        <line num="37" count="2" type="stmt"/>
        <line num="38" count="2" type="stmt"/>
        <line num="39" count="2" type="stmt"/>
        <line num="44" count="5" type="stmt"/>
      </file>
      <file name="productSaga.tsx" path="/Users/dbanerjee1/Desktop/react/bank-app/banking-application/src/redux/productSaga.tsx">
        <metrics statements="11" coveredstatements="6" conditionals="0" coveredconditionals="0" methods="3" coveredmethods="3"/>
        <line num="24" count="5" type="stmt"/>
        <line num="25" count="1" type="stmt"/>
        <line num="26" count="1" type="stmt"/>
        <line num="27" count="0" type="stmt"/>
        <line num="28" count="0" type="stmt"/>
        <line num="30" count="0" type="stmt"/>
        <line num="35" count="1" type="stmt"/>
        <line num="37" count="1" type="stmt"/>
        <line num="40" count="0" type="stmt"/>
        <line num="42" count="0" type="stmt"/>
        <line num="49" count="5" type="stmt"/>
      </file>
    </package>
    <package name="src.redux.store.reducer.action">
      <metrics statements="29" coveredstatements="27" conditionals="11" coveredconditionals="7" methods="10" coveredmethods="10"/>
      <file name="Action.tsx" path="/Users/dbanerjee1/Desktop/react/bank-app/banking-application/src/redux/store/reducer/action/Action.tsx">
        <metrics statements="10" coveredstatements="10" conditionals="0" coveredconditionals="0" methods="8" coveredmethods="8"/>
        <line num="6" count="8" type="stmt"/>
        <line num="7" count="2" type="stmt"/>
        <line num="12" count="8" type="stmt"/>
        <line num="13" count="1" type="stmt"/>
        <line num="18" count="8" type="stmt"/>
        <line num="22" count="8" type="stmt"/>
        <line num="26" count="8" type="stmt"/>
        <line num="30" count="8" type="stmt"/>
        <line num="35" count="8" type="stmt"/>
        <line num="39" count="8" type="stmt"/>
      </file>
      <file name="reducer.tsx" path="/Users/dbanerjee1/Desktop/react/bank-app/banking-application/src/redux/store/reducer/action/reducer.tsx">
        <metrics statements="14" coveredstatements="12" conditionals="11" coveredconditionals="7" methods="1" coveredmethods="1"/>
        <line num="29" count="6" type="stmt"/>
        <line num="31" count="6" type="stmt"/>
        <line num="38" count="6" type="cond" truecount="1" falsecount="0"/>
        <line num="39" count="15" type="cond" truecount="4" falsecount="2"/>
        <line num="42" count="0" type="stmt"/>
        <line num="48" count="3" type="stmt"/>
        <line num="54" count="2" type="cond" truecount="1" falsecount="1"/>
        <line num="57" count="2" type="stmt"/>
        <line num="58" count="2" type="stmt"/>
        <line num="63" count="3" type="stmt"/>
        <line num="64" count="3" type="stmt"/>
        <line num="66" count="3" type="stmt"/>
        <line num="71" count="0" type="stmt"/>
        <line num="79" count="7" type="stmt"/>
      </file>
      <file name="store.tsx" path="/Users/dbanerjee1/Desktop/react/bank-app/banking-application/src/redux/store/reducer/action/store.tsx">
        <metrics statements="5" coveredstatements="5" conditionals="0" coveredconditionals="0" methods="1" coveredmethods="1"/>
        <line num="8" count="5" type="stmt"/>
        <line num="9" count="5" type="stmt"/>
        <line num="13" count="5" type="stmt"/>
        <line num="16" count="5" type="stmt"/>
        <line num="17" count="5" type="stmt"/>
      </file>
    </package>
    <package name="src.redux.store.reducer.action.constant">
      <metrics statements="10" coveredstatements="10" conditionals="0" coveredconditionals="0" methods="0" coveredmethods="0"/>
      <file name="constant.tsx" path="/Users/dbanerjee1/Desktop/react/bank-app/banking-application/src/redux/store/reducer/action/constant/constant.tsx">
        <metrics statements="10" coveredstatements="10" conditionals="0" coveredconditionals="0" methods="0" coveredmethods="0"/>
        <line num="1" count="9" type="stmt"/>
        <line num="2" count="9" type="stmt"/>
        <line num="3" count="9" type="stmt"/>
        <line num="4" count="9" type="stmt"/>
        <line num="5" count="9" type="stmt"/>
        <line num="6" count="9" type="stmt"/>
        <line num="7" count="9" type="stmt"/>
        <line num="8" count="9" type="stmt"/>
        <line num="9" count="9" type="stmt"/>
        <line num="10" count="9" type="stmt"/>
      </file>
    </package>
  </project>
</coverage>
