{"/Users/dbanerjee1/Desktop/react/bank-app/banking-application/src/App.tsx": {"path":"/Users/dbanerjee1/Desktop/react/bank-app/banking-application/src/App.tsx","statementMap":{"0":{"start":{"line":12,"column":2},"end":{"line":26,"column":4}}},"fnMap":{"0":{"name":"App","decl":{"start":{"line":11,"column":9},"end":{"line":11,"column":12}},"loc":{"start":{"line":11,"column":15},"end":{"line":27,"column":1}},"line":11}},"branchMap":{},"s":{"0":1},"f":{"0":1},"b":{},"_coverageSchema":"1a1c01bbd47fc00a2c39e90264f33305004495a9","hash":"edf308fc5b69fc27c57e0e29a54f7d31cf6dfec0"}
,"/Users/dbanerjee1/Desktop/react/bank-app/banking-application/src/Home.tsx": {"path":"/Users/dbanerjee1/Desktop/react/bank-app/banking-application/src/Home.tsx","statementMap":{"0":{"start":{"line":11,"column":24},"end":{"line":85,"column":2}},"1":{"start":{"line":12,"column":21},"end":{"line":12,"column":34}},"2":{"start":{"line":13,"column":21},"end":{"line":13,"column":34}},"3":{"start":{"line":14,"column":52},"end":{"line":14,"column":67}},"4":{"start":{"line":16,"column":19},"end":{"line":16,"column":32}},"5":{"start":{"line":17,"column":14},"end":{"line":17,"column":50}},"6":{"start":{"line":17,"column":39},"end":{"line":17,"column":49}},"7":{"start":{"line":18,"column":4},"end":{"line":27,"column":10}},"8":{"start":{"line":19,"column":8},"end":{"line":19,"column":38}},"9":{"start":{"line":20,"column":8},"end":{"line":26,"column":9}},"10":{"start":{"line":21,"column":12},"end":{"line":21,"column":55}},"11":{"start":{"line":22,"column":8},"end":{"line":22,"column":29}},"12":{"start":{"line":28,"column":4},"end":{"line":28,"column":44}},"13":{"start":{"line":29,"column":4},"end":{"line":37,"column":37}},"14":{"start":{"line":30,"column":8},"end":{"line":36,"column":9}},"15":{"start":{"line":31,"column":10},"end":{"line":31,"column":36}},"16":{"start":{"line":32,"column":10},"end":{"line":35,"column":19}},"17":{"start":{"line":33,"column":12},"end":{"line":33,"column":39}},"18":{"start":{"line":34,"column":12},"end":{"line":34,"column":45}},"19":{"start":{"line":38,"column":4},"end":{"line":84,"column":6}},"20":{"start":{"line":58,"column":32},"end":{"line":63,"column":37}},"21":{"start":{"line":77,"column":54},"end":{"line":77,"column":80}}},"fnMap":{"0":{"name":"(anonymous_0)","decl":{"start":{"line":11,"column":35},"end":{"line":11,"column":36}},"loc":{"start":{"line":11,"column":40},"end":{"line":85,"column":1}},"line":11},"1":{"name":"(anonymous_1)","decl":{"start":{"line":17,"column":26},"end":{"line":17,"column":27}},"loc":{"start":{"line":17,"column":39},"end":{"line":17,"column":49}},"line":17},"2":{"name":"(anonymous_2)","decl":{"start":{"line":18,"column":14},"end":{"line":18,"column":15}},"loc":{"start":{"line":18,"column":18},"end":{"line":27,"column":5}},"line":18},"3":{"name":"(anonymous_3)","decl":{"start":{"line":29,"column":14},"end":{"line":29,"column":15}},"loc":{"start":{"line":29,"column":20},"end":{"line":37,"column":7}},"line":29},"4":{"name":"(anonymous_4)","decl":{"start":{"line":32,"column":21},"end":{"line":32,"column":22}},"loc":{"start":{"line":32,"column":27},"end":{"line":35,"column":11}},"line":32},"5":{"name":"(anonymous_5)","decl":{"start":{"line":55,"column":34},"end":{"line":55,"column":35}},"loc":{"start":{"line":58,"column":32},"end":{"line":63,"column":37}},"line":58},"6":{"name":"(anonymous_6)","decl":{"start":{"line":77,"column":48},"end":{"line":77,"column":49}},"loc":{"start":{"line":77,"column":54},"end":{"line":77,"column":80}},"line":77}},"branchMap":{"0":{"loc":{"start":{"line":20,"column":8},"end":{"line":26,"column":9}},"type":"if","locations":[{"start":{"line":20,"column":8},"end":{"line":26,"column":9}},{"start":{},"end":{}}],"line":20},"1":{"loc":{"start":{"line":30,"column":8},"end":{"line":36,"column":9}},"type":"if","locations":[{"start":{"line":30,"column":8},"end":{"line":36,"column":9}},{"start":{},"end":{}}],"line":30}},"s":{"0":2,"1":3,"2":3,"3":3,"4":3,"5":3,"6":6,"7":3,"8":3,"9":3,"10":1,"11":1,"12":3,"13":3,"14":3,"15":0,"16":0,"17":0,"18":0,"19":3,"20":2,"21":0},"f":{"0":3,"1":6,"2":3,"3":3,"4":0,"5":2,"6":0},"b":{"0":[1,2],"1":[0,3]},"_coverageSchema":"1a1c01bbd47fc00a2c39e90264f33305004495a9","hash":"5144845438cf44e53ee76a12b0513aeacfae932d"}
,"/Users/dbanerjee1/Desktop/react/bank-app/banking-application/src/SendMoney.tsx": {"path":"/Users/dbanerjee1/Desktop/react/bank-app/banking-application/src/SendMoney.tsx","statementMap":{"0":{"start":{"line":24,"column":18},"end":{"line":102,"column":1}},"1":{"start":{"line":26,"column":19},"end":{"line":26,"column":32}},"2":{"start":{"line":27,"column":40},"end":{"line":27,"column":55}},"3":{"start":{"line":29,"column":19},"end":{"line":29,"column":32}},"4":{"start":{"line":30,"column":36},"end":{"line":30,"column":56}},"5":{"start":{"line":31,"column":28},"end":{"line":31,"column":47}},"6":{"start":{"line":34,"column":25},"end":{"line":39,"column":1}},"7":{"start":{"line":35,"column":4},"end":{"line":35,"column":23}},"8":{"start":{"line":36,"column":4},"end":{"line":36,"column":35}},"9":{"start":{"line":40,"column":27},"end":{"line":44,"column":1}},"10":{"start":{"line":41,"column":19},"end":{"line":41,"column":43}},"11":{"start":{"line":42,"column":4},"end":{"line":42,"column":39}},"12":{"start":{"line":43,"column":4},"end":{"line":43,"column":33}},"13":{"start":{"line":45,"column":24},"end":{"line":56,"column":1}},"14":{"start":{"line":47,"column":28},"end":{"line":51,"column":5}},"15":{"start":{"line":52,"column":4},"end":{"line":52,"column":47}},"16":{"start":{"line":53,"column":4},"end":{"line":53,"column":59}},"17":{"start":{"line":60,"column":0},"end":{"line":101,"column":8}},"18":{"start":{"line":68,"column":8},"end":{"line":68,"column":73}},"19":{"start":{"line":88,"column":24},"end":{"line":88,"column":82}},"20":{"start":{"line":88,"column":55},"end":{"line":88,"column":81}},"21":{"start":{"line":89,"column":2},"end":{"line":89,"column":50}},"22":{"start":{"line":90,"column":2},"end":{"line":90,"column":26}}},"fnMap":{"0":{"name":"(anonymous_0)","decl":{"start":{"line":24,"column":18},"end":{"line":24,"column":19}},"loc":{"start":{"line":24,"column":37},"end":{"line":102,"column":1}},"line":24},"1":{"name":"(anonymous_1)","decl":{"start":{"line":34,"column":25},"end":{"line":34,"column":26}},"loc":{"start":{"line":34,"column":61},"end":{"line":39,"column":1}},"line":34},"2":{"name":"(anonymous_2)","decl":{"start":{"line":40,"column":27},"end":{"line":40,"column":28}},"loc":{"start":{"line":40,"column":62},"end":{"line":44,"column":1}},"line":40},"3":{"name":"(anonymous_3)","decl":{"start":{"line":45,"column":24},"end":{"line":45,"column":25}},"loc":{"start":{"line":45,"column":40},"end":{"line":56,"column":1}},"line":45},"4":{"name":"(anonymous_4)","decl":{"start":{"line":67,"column":28},"end":{"line":67,"column":29}},"loc":{"start":{"line":68,"column":8},"end":{"line":68,"column":73}},"line":68},"5":{"name":"(anonymous_5)","decl":{"start":{"line":87,"column":63},"end":{"line":87,"column":64}},"loc":{"start":{"line":87,"column":69},"end":{"line":91,"column":1}},"line":87},"6":{"name":"(anonymous_6)","decl":{"start":{"line":88,"column":45},"end":{"line":88,"column":46}},"loc":{"start":{"line":88,"column":55},"end":{"line":88,"column":81}},"line":88}},"branchMap":{"0":{"loc":{"start":{"line":77,"column":0},"end":{"line":98,"column":1}},"type":"binary-expr","locations":[{"start":{"line":77,"column":0},"end":{"line":77,"column":12}},{"start":{"line":78,"column":4},"end":{"line":97,"column":10}}],"line":77},"1":{"loc":{"start":{"line":89,"column":2},"end":{"line":89,"column":49}},"type":"binary-expr","locations":[{"start":{"line":89,"column":2},"end":{"line":89,"column":15}},{"start":{"line":89,"column":19},"end":{"line":89,"column":49}}],"line":89}},"s":{"0":2,"1":5,"2":5,"3":5,"4":5,"5":5,"6":5,"7":1,"8":1,"9":5,"10":1,"11":1,"12":1,"13":5,"14":1,"15":1,"16":1,"17":5,"18":30,"19":1,"20":1,"21":1,"22":1},"f":{"0":5,"1":1,"2":1,"3":1,"4":30,"5":1,"6":1},"b":{"0":[5,3],"1":[1,1]},"_coverageSchema":"1a1c01bbd47fc00a2c39e90264f33305004495a9","hash":"b37442e35531e10e1750fe1f04ddcc4501564e69"}
,"/Users/dbanerjee1/Desktop/react/bank-app/banking-application/src/debit.tsx": {"path":"/Users/dbanerjee1/Desktop/react/bank-app/banking-application/src/debit.tsx","statementMap":{"0":{"start":{"line":17,"column":19},"end":{"line":85,"column":1}},"1":{"start":{"line":18,"column":19},"end":{"line":18,"column":32}},"2":{"start":{"line":19,"column":40},"end":{"line":19,"column":60}},"3":{"start":{"line":20,"column":38},"end":{"line":20,"column":57}},"4":{"start":{"line":22,"column":29},"end":{"line":27,"column":5}},"5":{"start":{"line":23,"column":8},"end":{"line":23,"column":27}},"6":{"start":{"line":24,"column":8},"end":{"line":24,"column":39}},"7":{"start":{"line":28,"column":30},"end":{"line":33,"column":5}},"8":{"start":{"line":29,"column":23},"end":{"line":29,"column":47}},"9":{"start":{"line":30,"column":8},"end":{"line":30,"column":48}},"10":{"start":{"line":31,"column":8},"end":{"line":31,"column":38}},"11":{"start":{"line":34,"column":27},"end":{"line":41,"column":5}},"12":{"start":{"line":36,"column":32},"end":{"line":39,"column":11}},"13":{"start":{"line":40,"column":10},"end":{"line":40,"column":53}},"14":{"start":{"line":42,"column":4},"end":{"line":83,"column":5}},"15":{"start":{"line":51,"column":7},"end":{"line":51,"column":72}},"16":{"start":{"line":68,"column":28},"end":{"line":68,"column":89}},"17":{"start":{"line":68,"column":62},"end":{"line":68,"column":88}},"18":{"start":{"line":69,"column":8},"end":{"line":69,"column":50}}},"fnMap":{"0":{"name":"(anonymous_0)","decl":{"start":{"line":17,"column":19},"end":{"line":17,"column":20}},"loc":{"start":{"line":17,"column":38},"end":{"line":85,"column":1}},"line":17},"1":{"name":"(anonymous_1)","decl":{"start":{"line":22,"column":29},"end":{"line":22,"column":30}},"loc":{"start":{"line":22,"column":65},"end":{"line":27,"column":5}},"line":22},"2":{"name":"(anonymous_2)","decl":{"start":{"line":28,"column":30},"end":{"line":28,"column":31}},"loc":{"start":{"line":28,"column":65},"end":{"line":33,"column":5}},"line":28},"3":{"name":"(anonymous_3)","decl":{"start":{"line":34,"column":27},"end":{"line":34,"column":28}},"loc":{"start":{"line":34,"column":44},"end":{"line":41,"column":5}},"line":34},"4":{"name":"(anonymous_4)","decl":{"start":{"line":50,"column":31},"end":{"line":50,"column":32}},"loc":{"start":{"line":51,"column":7},"end":{"line":51,"column":72}},"line":51},"5":{"name":"(anonymous_5)","decl":{"start":{"line":67,"column":63},"end":{"line":67,"column":64}},"loc":{"start":{"line":67,"column":67},"end":{"line":70,"column":5}},"line":67},"6":{"name":"(anonymous_6)","decl":{"start":{"line":68,"column":53},"end":{"line":68,"column":54}},"loc":{"start":{"line":68,"column":62},"end":{"line":68,"column":88}},"line":68}},"branchMap":{"0":{"loc":{"start":{"line":56,"column":8},"end":{"line":76,"column":9}},"type":"binary-expr","locations":[{"start":{"line":56,"column":8},"end":{"line":56,"column":20}},{"start":{"line":58,"column":12},"end":{"line":75,"column":18}}],"line":56},"1":{"loc":{"start":{"line":69,"column":8},"end":{"line":69,"column":49}},"type":"binary-expr","locations":[{"start":{"line":69,"column":8},"end":{"line":69,"column":19}},{"start":{"line":69,"column":23},"end":{"line":69,"column":49}}],"line":69}},"s":{"0":2,"1":4,"2":4,"3":4,"4":4,"5":1,"6":1,"7":4,"8":1,"9":1,"10":1,"11":4,"12":1,"13":1,"14":4,"15":24,"16":1,"17":1,"18":1},"f":{"0":4,"1":1,"2":1,"3":1,"4":24,"5":1,"6":1},"b":{"0":[4,2],"1":[1,1]},"_coverageSchema":"1a1c01bbd47fc00a2c39e90264f33305004495a9","hash":"feeba2ca7b3caff5a0b334fec22f8ef05406e336"}
,"/Users/dbanerjee1/Desktop/react/bank-app/banking-application/src/index.tsx": {"path":"/Users/dbanerjee1/Desktop/react/bank-app/banking-application/src/index.tsx","statementMap":{"0":{"start":{"line":8,"column":13},"end":{"line":10,"column":1}},"1":{"start":{"line":11,"column":0},"end":{"line":15,"column":2}},"2":{"start":{"line":20,"column":0},"end":{"line":20,"column":18}}},"fnMap":{},"branchMap":{},"s":{"0":0,"1":0,"2":0},"f":{},"b":{}}
,"/Users/dbanerjee1/Desktop/react/bank-app/banking-application/src/reportWebVitals.ts": {"path":"/Users/dbanerjee1/Desktop/react/bank-app/banking-application/src/reportWebVitals.ts","statementMap":{"0":{"start":{"line":3,"column":24},"end":{"line":13,"column":1}},"1":{"start":{"line":4,"column":2},"end":{"line":12,"column":3}},"2":{"start":{"line":5,"column":4},"end":{"line":11,"column":7}},"3":{"start":{"line":6,"column":6},"end":{"line":6,"column":26}},"4":{"start":{"line":7,"column":6},"end":{"line":7,"column":26}},"5":{"start":{"line":8,"column":6},"end":{"line":8,"column":26}},"6":{"start":{"line":9,"column":6},"end":{"line":9,"column":26}},"7":{"start":{"line":10,"column":6},"end":{"line":10,"column":27}}},"fnMap":{"0":{"name":"(anonymous_0)","decl":{"start":{"line":3,"column":24},"end":{"line":3,"column":25}},"loc":{"start":{"line":3,"column":57},"end":{"line":13,"column":1}},"line":3},"1":{"name":"(anonymous_1)","decl":{"start":{"line":5,"column":30},"end":{"line":5,"column":31}},"loc":{"start":{"line":5,"column":79},"end":{"line":11,"column":5}},"line":5}},"branchMap":{"0":{"loc":{"start":{"line":4,"column":2},"end":{"line":12,"column":3}},"type":"if","locations":[{"start":{"line":4,"column":2},"end":{"line":12,"column":3}},{"start":{},"end":{}}],"line":4},"1":{"loc":{"start":{"line":4,"column":6},"end":{"line":4,"column":52}},"type":"binary-expr","locations":[{"start":{"line":4,"column":6},"end":{"line":4,"column":17}},{"start":{"line":4,"column":21},"end":{"line":4,"column":52}}],"line":4}},"s":{"0":0,"1":0,"2":0,"3":0,"4":0,"5":0,"6":0,"7":0},"f":{"0":0,"1":0},"b":{"0":[0,0],"1":[0,0]}}
,"/Users/dbanerjee1/Desktop/react/bank-app/banking-application/src/components/Header.tsx": {"path":"/Users/dbanerjee1/Desktop/react/bank-app/banking-application/src/components/Header.tsx","statementMap":{"0":{"start":{"line":13,"column":15},"end":{"line":40,"column":1}},"1":{"start":{"line":17,"column":20},"end":{"line":17,"column":68}},"2":{"start":{"line":17,"column":54},"end":{"line":17,"column":67}},"3":{"start":{"line":20,"column":4},"end":{"line":39,"column":11}}},"fnMap":{"0":{"name":"(anonymous_0)","decl":{"start":{"line":13,"column":15},"end":{"line":13,"column":16}},"loc":{"start":{"line":13,"column":34},"end":{"line":40,"column":1}},"line":13},"1":{"name":"(anonymous_1)","decl":{"start":{"line":17,"column":32},"end":{"line":17,"column":33}},"loc":{"start":{"line":17,"column":54},"end":{"line":17,"column":67}},"line":17}},"branchMap":{},"s":{"0":3,"1":4,"2":8,"3":4},"f":{"0":4,"1":8},"b":{},"_coverageSchema":"1a1c01bbd47fc00a2c39e90264f33305004495a9","hash":"64bbbcbef5bd5aa62ad4ad4de96373b9824e4fb2"}
,"/Users/dbanerjee1/Desktop/react/bank-app/banking-application/src/redux/postSaga.tsx": {"path":"/Users/dbanerjee1/Desktop/react/bank-app/banking-application/src/redux/postSaga.tsx","statementMap":{"0":{"start":{"line":5,"column":16},"end":{"line":24,"column":1}},"1":{"start":{"line":6,"column":4},"end":{"line":22,"column":5}},"2":{"start":{"line":7,"column":28},"end":{"line":7,"column":52}},"3":{"start":{"line":8,"column":21},"end":{"line":18,"column":6}},"4":{"start":{"line":19,"column":4},"end":{"line":19,"column":23}},"5":{"start":{"line":21,"column":4},"end":{"line":21,"column":16}},"6":{"start":{"line":26,"column":4},"end":{"line":40,"column":7}},"7":{"start":{"line":28,"column":37},"end":{"line":28,"column":69}},"8":{"start":{"line":29,"column":8},"end":{"line":34,"column":9}},"9":{"start":{"line":30,"column":12},"end":{"line":30,"column":43}},"10":{"start":{"line":33,"column":12},"end":{"line":33,"column":40}},"11":{"start":{"line":37,"column":8},"end":{"line":37,"column":59}},"12":{"start":{"line":38,"column":8},"end":{"line":38,"column":37}},"13":{"start":{"line":39,"column":8},"end":{"line":39,"column":36}},"14":{"start":{"line":44,"column":4},"end":{"line":44,"column":54}}},"fnMap":{"0":{"name":"(anonymous_0)","decl":{"start":{"line":5,"column":16},"end":{"line":5,"column":17}},"loc":{"start":{"line":5,"column":52},"end":{"line":24,"column":1}},"line":5},"1":{"name":"postTransactionSaga","decl":{"start":{"line":25,"column":18},"end":{"line":25,"column":37}},"loc":{"start":{"line":25,"column":74},"end":{"line":41,"column":1}},"line":25},"2":{"name":"transactionData","decl":{"start":{"line":43,"column":10},"end":{"line":43,"column":25}},"loc":{"start":{"line":43,"column":52},"end":{"line":45,"column":1}},"line":43}},"branchMap":{"0":{"loc":{"start":{"line":29,"column":8},"end":{"line":34,"column":9}},"type":"if","locations":[{"start":{"line":29,"column":8},"end":{"line":34,"column":9}},{"start":{"line":32,"column":12},"end":{"line":34,"column":9}}],"line":29}},"s":{"0":6,"1":2,"2":2,"3":2,"4":0,"5":2,"6":2,"7":2,"8":0,"9":0,"10":0,"11":2,"12":2,"13":2,"14":5},"f":{"0":2,"1":2,"2":5},"b":{"0":[0,0]},"_coverageSchema":"1a1c01bbd47fc00a2c39e90264f33305004495a9","hash":"d8ff2ef7dcc34641cd54b4dc6539c7475495bd57"}
,"/Users/dbanerjee1/Desktop/react/bank-app/banking-application/src/redux/productSaga.tsx": {"path":"/Users/dbanerjee1/Desktop/react/bank-app/banking-application/src/redux/productSaga.tsx","statementMap":{"0":{"start":{"line":24,"column":25},"end":{"line":32,"column":1}},"1":{"start":{"line":25,"column":2},"end":{"line":31,"column":3}},"2":{"start":{"line":26,"column":17},"end":{"line":26,"column":65}},"3":{"start":{"line":27,"column":17},"end":{"line":27,"column":38}},"4":{"start":{"line":28,"column":4},"end":{"line":28,"column":16}},"5":{"start":{"line":30,"column":4},"end":{"line":30,"column":16}},"6":{"start":{"line":35,"column":2},"end":{"line":44,"column":3}},"7":{"start":{"line":37,"column":17},"end":{"line":37,"column":45}},"8":{"start":{"line":40,"column":4},"end":{"line":40,"column":43}},"9":{"start":{"line":42,"column":4},"end":{"line":42,"column":49}},"10":{"start":{"line":49,"column":2},"end":{"line":49,"column":41}}},"fnMap":{"0":{"name":"(anonymous_0)","decl":{"start":{"line":24,"column":25},"end":{"line":24,"column":26}},"loc":{"start":{"line":24,"column":37},"end":{"line":32,"column":1}},"line":24},"1":{"name":"getDetails","decl":{"start":{"line":34,"column":10},"end":{"line":34,"column":20}},"loc":{"start":{"line":34,"column":50},"end":{"line":45,"column":1}},"line":34},"2":{"name":"productSaga","decl":{"start":{"line":48,"column":10},"end":{"line":48,"column":21}},"loc":{"start":{"line":48,"column":51},"end":{"line":50,"column":1}},"line":48}},"branchMap":{},"s":{"0":5,"1":1,"2":1,"3":0,"4":0,"5":0,"6":1,"7":1,"8":0,"9":0,"10":5},"f":{"0":1,"1":1,"2":5},"b":{},"_coverageSchema":"1a1c01bbd47fc00a2c39e90264f33305004495a9","hash":"b59075efd23d60edfb9d12e70e0b114cac0f5a3c"}
,"/Users/dbanerjee1/Desktop/react/bank-app/banking-application/src/redux/store/reducer/action/Action.tsx": {"path":"/Users/dbanerjee1/Desktop/react/bank-app/banking-application/src/redux/store/reducer/action/Action.tsx","statementMap":{"0":{"start":{"line":6,"column":22},"end":{"line":11,"column":1}},"1":{"start":{"line":7,"column":2},"end":{"line":10,"column":3}},"2":{"start":{"line":12,"column":26},"end":{"line":17,"column":3}},"3":{"start":{"line":13,"column":4},"end":{"line":16,"column":5}},"4":{"start":{"line":18,"column":28},"end":{"line":21,"column":4}},"5":{"start":{"line":18,"column":47},"end":{"line":21,"column":3}},"6":{"start":{"line":22,"column":28},"end":{"line":25,"column":4}},"7":{"start":{"line":22,"column":46},"end":{"line":25,"column":3}},"8":{"start":{"line":26,"column":30},"end":{"line":29,"column":4}},"9":{"start":{"line":26,"column":51},"end":{"line":29,"column":3}},"10":{"start":{"line":30,"column":31},"end":{"line":33,"column":4}},"11":{"start":{"line":30,"column":51},"end":{"line":33,"column":3}},"12":{"start":{"line":35,"column":34},"end":{"line":37,"column":4}},"13":{"start":{"line":35,"column":39},"end":{"line":37,"column":3}},"14":{"start":{"line":39,"column":31},"end":{"line":41,"column":4}},"15":{"start":{"line":39,"column":36},"end":{"line":41,"column":3}}},"fnMap":{"0":{"name":"(anonymous_0)","decl":{"start":{"line":6,"column":22},"end":{"line":6,"column":23}},"loc":{"start":{"line":6,"column":26},"end":{"line":11,"column":1}},"line":6},"1":{"name":"(anonymous_1)","decl":{"start":{"line":12,"column":26},"end":{"line":12,"column":27}},"loc":{"start":{"line":12,"column":43},"end":{"line":17,"column":3}},"line":12},"2":{"name":"(anonymous_2)","decl":{"start":{"line":18,"column":28},"end":{"line":18,"column":29}},"loc":{"start":{"line":18,"column":47},"end":{"line":21,"column":3}},"line":18},"3":{"name":"(anonymous_3)","decl":{"start":{"line":22,"column":28},"end":{"line":22,"column":29}},"loc":{"start":{"line":22,"column":46},"end":{"line":25,"column":3}},"line":22},"4":{"name":"(anonymous_4)","decl":{"start":{"line":26,"column":30},"end":{"line":26,"column":31}},"loc":{"start":{"line":26,"column":51},"end":{"line":29,"column":3}},"line":26},"5":{"name":"(anonymous_5)","decl":{"start":{"line":30,"column":31},"end":{"line":30,"column":32}},"loc":{"start":{"line":30,"column":51},"end":{"line":33,"column":3}},"line":30},"6":{"name":"(anonymous_6)","decl":{"start":{"line":35,"column":34},"end":{"line":35,"column":35}},"loc":{"start":{"line":35,"column":39},"end":{"line":37,"column":3}},"line":35},"7":{"name":"(anonymous_7)","decl":{"start":{"line":39,"column":31},"end":{"line":39,"column":32}},"loc":{"start":{"line":39,"column":36},"end":{"line":41,"column":3}},"line":39}},"branchMap":{},"s":{"0":8,"1":2,"2":8,"3":1,"4":8,"5":3,"6":8,"7":3,"8":8,"9":2,"10":8,"11":3,"12":8,"13":1,"14":8,"15":3},"f":{"0":2,"1":1,"2":3,"3":3,"4":2,"5":3,"6":1,"7":3},"b":{},"_coverageSchema":"1a1c01bbd47fc00a2c39e90264f33305004495a9","hash":"2243ae9e439429f9ec7c58ca4859e48687b2af4e"}
,"/Users/dbanerjee1/Desktop/react/bank-app/banking-application/src/redux/store/reducer/action/reducer.tsx": {"path":"/Users/dbanerjee1/Desktop/react/bank-app/banking-application/src/redux/store/reducer/action/reducer.tsx","statementMap":{"0":{"start":{"line":29,"column":21},"end":{"line":29,"column":52}},"1":{"start":{"line":31,"column":32},"end":{"line":35,"column":1}},"2":{"start":{"line":38,"column":14},"end":{"line":82,"column":1}},"3":{"start":{"line":39,"column":4},"end":{"line":81,"column":1}},"4":{"start":{"line":42,"column":4},"end":{"line":46,"column":6}},"5":{"start":{"line":48,"column":8},"end":{"line":51,"column":9}},"6":{"start":{"line":54,"column":31},"end":{"line":56,"column":15}},"7":{"start":{"line":57,"column":12},"end":{"line":57,"column":72}},"8":{"start":{"line":58,"column":12},"end":{"line":61,"column":13}},"9":{"start":{"line":63,"column":40},"end":{"line":63,"column":69}},"10":{"start":{"line":64,"column":12},"end":{"line":64,"column":77}},"11":{"start":{"line":66,"column":11},"end":{"line":69,"column":3}},"12":{"start":{"line":71,"column":6},"end":{"line":74,"column":7}},"13":{"start":{"line":79,"column":4},"end":{"line":79,"column":17}}},"fnMap":{"0":{"name":"(anonymous_0)","decl":{"start":{"line":38,"column":14},"end":{"line":38,"column":15}},"loc":{"start":{"line":38,"column":84},"end":{"line":82,"column":1}},"line":38}},"branchMap":{"0":{"loc":{"start":{"line":33,"column":10},"end":{"line":33,"column":63}},"type":"cond-expr","locations":[{"start":{"line":33,"column":25},"end":{"line":33,"column":59}},{"start":{"line":33,"column":62},"end":{"line":33,"column":63}}],"line":33},"1":{"loc":{"start":{"line":38,"column":15},"end":{"line":38,"column":46}},"type":"default-arg","locations":[{"start":{"line":38,"column":34},"end":{"line":38,"column":46}}],"line":38},"2":{"loc":{"start":{"line":39,"column":4},"end":{"line":81,"column":1}},"type":"switch","locations":[{"start":{"line":40,"column":3},"end":{"line":46,"column":6}},{"start":{"line":47,"column":4},"end":{"line":51,"column":9}},{"start":{"line":53,"column":8},"end":{"line":61,"column":13}},{"start":{"line":62,"column":12},"end":{"line":69,"column":3}},{"start":{"line":70,"column":2},"end":{"line":74,"column":7}},{"start":{"line":78,"column":3},"end":{"line":79,"column":17}}],"line":39},"3":{"loc":{"start":{"line":54,"column":31},"end":{"line":56,"column":15}},"type":"cond-expr","locations":[{"start":{"line":55,"column":14},"end":{"line":55,"column":43}},{"start":{"line":56,"column":14},"end":{"line":56,"column":15}}],"line":54}},"s":{"0":6,"1":6,"2":6,"3":15,"4":0,"5":3,"6":2,"7":2,"8":2,"9":3,"10":3,"11":3,"12":0,"13":7},"f":{"0":15},"b":{"0":[0,6],"1":[6],"2":[0,3,2,3,0,7],"3":[2,0]},"_coverageSchema":"1a1c01bbd47fc00a2c39e90264f33305004495a9","hash":"ceffff70c6d45323906852f0dfa57a2bef33a926"}
,"/Users/dbanerjee1/Desktop/react/bank-app/banking-application/src/redux/store/reducer/action/store.tsx": {"path":"/Users/dbanerjee1/Desktop/react/bank-app/banking-application/src/redux/store/reducer/action/store.tsx","statementMap":{"0":{"start":{"line":8,"column":23},"end":{"line":8,"column":45}},"1":{"start":{"line":9,"column":14},"end":{"line":15,"column":1}},"2":{"start":{"line":13,"column":8},"end":{"line":13,"column":78}},"3":{"start":{"line":16,"column":0},"end":{"line":16,"column":31}},"4":{"start":{"line":17,"column":0},"end":{"line":17,"column":35}}},"fnMap":{"0":{"name":"(anonymous_0)","decl":{"start":{"line":12,"column":19},"end":{"line":12,"column":20}},"loc":{"start":{"line":13,"column":8},"end":{"line":13,"column":78}},"line":13}},"branchMap":{},"s":{"0":5,"1":5,"2":5,"3":5,"4":5},"f":{"0":5},"b":{},"_coverageSchema":"1a1c01bbd47fc00a2c39e90264f33305004495a9","hash":"13b91a1b14ac97c8933b7e9eb7a5619ab35336b7"}
,"/Users/dbanerjee1/Desktop/react/bank-app/banking-application/src/redux/store/reducer/action/constant/constant.tsx": {"path":"/Users/dbanerjee1/Desktop/react/bank-app/banking-application/src/redux/store/reducer/action/constant/constant.tsx","statementMap":{"0":{"start":{"line":1,"column":23},"end":{"line":1,"column":34}},"1":{"start":{"line":2,"column":23},"end":{"line":2,"column":34}},"2":{"start":{"line":3,"column":25},"end":{"line":3,"column":38}},"3":{"start":{"line":4,"column":25},"end":{"line":4,"column":38}},"4":{"start":{"line":5,"column":25},"end":{"line":5,"column":38}},"5":{"start":{"line":6,"column":25},"end":{"line":6,"column":38}},"6":{"start":{"line":7,"column":27},"end":{"line":7,"column":42}},"7":{"start":{"line":8,"column":26},"end":{"line":8,"column":40}},"8":{"start":{"line":9,"column":34},"end":{"line":9,"column":56}},"9":{"start":{"line":10,"column":34},"end":{"line":10,"column":56}}},"fnMap":{},"branchMap":{},"s":{"0":9,"1":9,"2":9,"3":9,"4":9,"5":9,"6":9,"7":9,"8":9,"9":9},"f":{},"b":{},"_coverageSchema":"1a1c01bbd47fc00a2c39e90264f33305004495a9","hash":"3ccb5eca961830ccb8fddcafc1b8f27e977e107a"}
}
