TN:
SF:src/App.tsx
FN:11,App
FNF:1
FNH:1
FNDA:1,App
DA:12,1
LF:1
LH:1
BRF:0
BRH:0
end_of_record
TN:
SF:src/Home.tsx
FN:11,(anonymous_0)
FN:17,(anonymous_1)
FN:18,(anonymous_2)
FN:29,(anonymous_3)
FN:32,(anonymous_4)
FN:55,(anonymous_5)
FN:77,(anonymous_6)
FNF:7
FNH:5
FNDA:3,(anonymous_0)
FNDA:6,(anonymous_1)
FNDA:3,(anonymous_2)
FNDA:3,(anonymous_3)
FNDA:0,(anonymous_4)
FNDA:2,(anonymous_5)
FNDA:0,(anonymous_6)
DA:11,2
DA:12,3
DA:13,3
DA:14,3
DA:16,3
DA:17,6
DA:18,3
DA:19,3
DA:20,3
DA:21,1
DA:22,1
DA:28,3
DA:29,3
DA:30,3
DA:31,0
DA:32,0
DA:33,0
DA:34,0
DA:38,3
DA:58,2
DA:77,0
LF:21
LH:16
BRDA:20,0,0,1
BRDA:20,0,1,2
BRDA:30,1,0,0
BRDA:30,1,1,3
BRF:4
BRH:3
end_of_record
TN:
SF:src/SendMoney.tsx
FN:24,(anonymous_0)
FN:34,(anonymous_1)
FN:40,(anonymous_2)
FN:45,(anonymous_3)
FN:67,(anonymous_4)
FN:87,(anonymous_5)
FN:88,(anonymous_6)
FNF:7
FNH:7
FNDA:5,(anonymous_0)
FNDA:1,(anonymous_1)
FNDA:1,(anonymous_2)
FNDA:1,(anonymous_3)
FNDA:30,(anonymous_4)
FNDA:1,(anonymous_5)
FNDA:1,(anonymous_6)
DA:24,2
DA:26,5
DA:27,5
DA:29,5
DA:30,5
DA:31,5
DA:34,5
DA:35,1
DA:36,1
DA:40,5
DA:41,1
DA:42,1
DA:43,1
DA:45,5
DA:47,1
DA:52,1
DA:53,1
DA:60,5
DA:68,30
DA:88,1
DA:89,1
DA:90,1
LF:22
LH:22
BRDA:77,0,0,5
BRDA:77,0,1,3
BRDA:89,1,0,1
BRDA:89,1,1,1
BRF:4
BRH:4
end_of_record
TN:
SF:src/debit.tsx
FN:17,(anonymous_0)
FN:22,(anonymous_1)
FN:28,(anonymous_2)
FN:34,(anonymous_3)
FN:50,(anonymous_4)
FN:67,(anonymous_5)
FN:68,(anonymous_6)
FNF:7
FNH:7
FNDA:4,(anonymous_0)
FNDA:1,(anonymous_1)
FNDA:1,(anonymous_2)
FNDA:1,(anonymous_3)
FNDA:24,(anonymous_4)
FNDA:1,(anonymous_5)
FNDA:1,(anonymous_6)
DA:17,2
DA:18,4
DA:19,4
DA:20,4
DA:22,4
DA:23,1
DA:24,1
DA:28,4
DA:29,1
DA:30,1
DA:31,1
DA:34,4
DA:36,1
DA:40,1
DA:42,4
DA:51,24
DA:68,1
DA:69,1
LF:18
LH:18
BRDA:56,0,0,4
BRDA:56,0,1,2
BRDA:69,1,0,1
BRDA:69,1,1,1
BRF:4
BRH:4
end_of_record
TN:
SF:src/index.tsx
FNF:0
FNH:0
DA:8,0
DA:11,0
DA:20,0
LF:3
LH:0
BRF:0
BRH:0
end_of_record
TN:
SF:src/reportWebVitals.ts
FN:3,(anonymous_0)
FN:5,(anonymous_1)
FNF:2
FNH:0
FNDA:0,(anonymous_0)
FNDA:0,(anonymous_1)
DA:3,0
DA:4,0
DA:5,0
DA:6,0
DA:7,0
DA:8,0
DA:9,0
DA:10,0
LF:8
LH:0
BRDA:4,0,0,0
BRDA:4,0,1,0
BRDA:4,1,0,0
BRDA:4,1,1,0
BRF:4
BRH:0
end_of_record
TN:
SF:src/components/Header.tsx
FN:13,(anonymous_0)
FN:17,(anonymous_1)
FNF:2
FNH:2
FNDA:4,(anonymous_0)
FNDA:8,(anonymous_1)
DA:13,3
DA:17,8
DA:20,4
LF:3
LH:3
BRF:0
BRH:0
end_of_record
TN:
SF:src/redux/postSaga.tsx
FN:5,(anonymous_0)
FN:25,postTransactionSaga
FN:43,transactionData
FNF:3
FNH:3
FNDA:2,(anonymous_0)
FNDA:2,postTransactionSaga
FNDA:5,transactionData
DA:5,6
DA:6,2
DA:7,2
DA:8,2
DA:19,0
DA:21,2
DA:26,2
DA:28,2
DA:29,0
DA:30,0
DA:33,0
DA:37,2
DA:38,2
DA:39,2
DA:44,5
LF:15
LH:11
BRDA:29,0,0,0
BRDA:29,0,1,0
BRF:2
BRH:0
end_of_record
TN:
SF:src/redux/productSaga.tsx
FN:24,(anonymous_0)
FN:34,getDetails
FN:48,productSaga
FNF:3
FNH:3
FNDA:1,(anonymous_0)
FNDA:1,getDetails
FNDA:5,productSaga
DA:24,5
DA:25,1
DA:26,1
DA:27,0
DA:28,0
DA:30,0
DA:35,1
DA:37,1
DA:40,0
DA:42,0
DA:49,5
LF:11
LH:6
BRF:0
BRH:0
end_of_record
TN:
SF:src/redux/store/reducer/action/Action.tsx
FN:6,(anonymous_0)
FN:12,(anonymous_1)
FN:18,(anonymous_2)
FN:22,(anonymous_3)
FN:26,(anonymous_4)
FN:30,(anonymous_5)
FN:35,(anonymous_6)
FN:39,(anonymous_7)
FNF:8
FNH:8
FNDA:2,(anonymous_0)
FNDA:1,(anonymous_1)
FNDA:3,(anonymous_2)
FNDA:3,(anonymous_3)
FNDA:2,(anonymous_4)
FNDA:3,(anonymous_5)
FNDA:1,(anonymous_6)
FNDA:3,(anonymous_7)
DA:6,8
DA:7,2
DA:12,8
DA:13,1
DA:18,8
DA:22,8
DA:26,8
DA:30,8
DA:35,8
DA:39,8
LF:10
LH:10
BRF:0
BRH:0
end_of_record
TN:
SF:src/redux/store/reducer/action/reducer.tsx
FN:38,(anonymous_0)
FNF:1
FNH:1
FNDA:15,(anonymous_0)
DA:29,6
DA:31,6
DA:38,6
DA:39,15
DA:42,0
DA:48,3
DA:54,2
DA:57,2
DA:58,2
DA:63,3
DA:64,3
DA:66,3
DA:71,0
DA:79,7
LF:14
LH:12
BRDA:33,0,0,0
BRDA:33,0,1,6
BRDA:38,1,0,6
BRDA:39,2,0,0
BRDA:39,2,1,3
BRDA:39,2,2,2
BRDA:39,2,3,3
BRDA:39,2,4,0
BRDA:39,2,5,7
BRDA:54,3,0,2
BRDA:54,3,1,0
BRF:11
BRH:7
end_of_record
TN:
SF:src/redux/store/reducer/action/store.tsx
FN:12,(anonymous_0)
FNF:1
FNH:1
FNDA:5,(anonymous_0)
DA:8,5
DA:9,5
DA:13,5
DA:16,5
DA:17,5
LF:5
LH:5
BRF:0
BRH:0
end_of_record
TN:
SF:src/redux/store/reducer/action/constant/constant.tsx
FNF:0
FNH:0
DA:1,9
DA:2,9
DA:3,9
DA:4,9
DA:5,9
DA:6,9
DA:7,9
DA:8,9
DA:9,9
DA:10,9
LF:10
LH:10
BRF:0
BRH:0
end_of_record
